Vivado Simulator v2021.2
Copyright 1986-1999, 2001-2021 Xilinx, Inc. All Rights Reserved.
Running: D:/Xilinx/Vivado/2021.2/bin/unwrapped/win64.o/xelab.exe --incr --debug typical --relax --mt 2 -L xil_defaultlib -L unisims_ver -L unimacro_ver -L secureip --snapshot testbench_behav xil_defaultlib.testbench xil_defaultlib.glbl -log elaborate.log 
Using 2 slave threads.
Starting static elaboration
Pass Through NonSizing Optimizer
WARNING: [VRFC 10-3091] actual bit length 1 differs from formal bit length 8 for port 'n' [C:/Users/12289/Desktop/Coding/FPGA/Compressed_DCS_TROPICS/Compressed_DCS_TROPICS.srcs/sources_1/new/main.v:95]
Completed static elaboration
Starting simulation data flow analysis
Completed simulation data flow analysis
Time Resolution for simulation is 1ps
Compiling module xil_defaultlib.integralTimer(t_int=5.0E-05)
Compiling module xil_defaultlib.photonCounter
Compiling module xil_defaultlib.sampler
Compiling module xil_defaultlib.counterBuffer(delayTime_T=5.0E-0...
Compiling module xil_defaultlib.AutoCorrelator
Compiling module xil_defaultlib.main
Compiling module xil_defaultlib.testbench
Compiling module xil_defaultlib.glbl
Built simulation snapshot testbench_behav
