INFO: [VRFC 10-2263] Analyzing SystemVerilog file "C:/Users/12289/Desktop/Coding/FPGA/Compressed_DCS_TROPICS/Compressed_DCS_TROPICS.srcs/sim_1/new/testbench.v" into library xil_defaultlib
INFO: [VRFC 10-311] analyzing module testbench
WARNING: [VRFC 10-3380] identifier 'sample_and_clear' is used before its declaration [C:/Users/12289/Desktop/Coding/FPGA/Compressed_DCS_TROPICS/Compressed_DCS_TROPICS.srcs/sim_1/new/testbench.v:387]
WARNING: [VRFC 10-3380] identifier 'sample_and_clear' is used before its declaration [C:/Users/12289/Desktop/Coding/FPGA/Compressed_DCS_TROPICS/Compressed_DCS_TROPICS.srcs/sim_1/new/testbench.v:388]
WARNING: [VRFC 10-3380] identifier 'toSampler' is used before its declaration [C:/Users/12289/Desktop/Coding/FPGA/Compressed_DCS_TROPICS/Compressed_DCS_TROPICS.srcs/sim_1/new/testbench.v:389]
WARNING: [VRFC 10-3380] identifier 'sample_and_clear' is used before its declaration [C:/Users/12289/Desktop/Coding/FPGA/Compressed_DCS_TROPICS/Compressed_DCS_TROPICS.srcs/sim_1/new/testbench.v:394]
WARNING: [VRFC 10-3380] identifier 'ACF_result_1' is used before its declaration [C:/Users/12289/Desktop/Coding/FPGA/Compressed_DCS_TROPICS/Compressed_DCS_TROPICS.srcs/sim_1/new/testbench.v:398]
WARNING: [VRFC 10-3380] identifier 'ACF_result_2' is used before its declaration [C:/Users/12289/Desktop/Coding/FPGA/Compressed_DCS_TROPICS/Compressed_DCS_TROPICS.srcs/sim_1/new/testbench.v:399]
WARNING: [VRFC 10-3380] identifier 'ACF_result_3' is used before its declaration [C:/Users/12289/Desktop/Coding/FPGA/Compressed_DCS_TROPICS/Compressed_DCS_TROPICS.srcs/sim_1/new/testbench.v:400]
WARNING: [VRFC 10-3380] identifier 'ACF_result_4' is used before its declaration [C:/Users/12289/Desktop/Coding/FPGA/Compressed_DCS_TROPICS/Compressed_DCS_TROPICS.srcs/sim_1/new/testbench.v:401]
WARNING: [VRFC 10-3380] identifier 'ACF_result_5' is used before its declaration [C:/Users/12289/Desktop/Coding/FPGA/Compressed_DCS_TROPICS/Compressed_DCS_TROPICS.srcs/sim_1/new/testbench.v:402]
WARNING: [VRFC 10-3380] identifier 'ACF_result_6' is used before its declaration [C:/Users/12289/Desktop/Coding/FPGA/Compressed_DCS_TROPICS/Compressed_DCS_TROPICS.srcs/sim_1/new/testbench.v:403]
WARNING: [VRFC 10-3380] identifier 'ACF_result_7' is used before its declaration [C:/Users/12289/Desktop/Coding/FPGA/Compressed_DCS_TROPICS/Compressed_DCS_TROPICS.srcs/sim_1/new/testbench.v:404]
WARNING: [VRFC 10-3380] identifier 'ACF_result_8' is used before its declaration [C:/Users/12289/Desktop/Coding/FPGA/Compressed_DCS_TROPICS/Compressed_DCS_TROPICS.srcs/sim_1/new/testbench.v:405]
WARNING: [VRFC 10-3380] identifier 'ACF_result_9' is used before its declaration [C:/Users/12289/Desktop/Coding/FPGA/Compressed_DCS_TROPICS/Compressed_DCS_TROPICS.srcs/sim_1/new/testbench.v:406]
WARNING: [VRFC 10-3380] identifier 'ACF_result_10' is used before its declaration [C:/Users/12289/Desktop/Coding/FPGA/Compressed_DCS_TROPICS/Compressed_DCS_TROPICS.srcs/sim_1/new/testbench.v:407]
WARNING: [VRFC 10-3380] identifier 'ACF_result_11' is used before its declaration [C:/Users/12289/Desktop/Coding/FPGA/Compressed_DCS_TROPICS/Compressed_DCS_TROPICS.srcs/sim_1/new/testbench.v:408]
WARNING: [VRFC 10-3380] identifier 'ACF_result_12' is used before its declaration [C:/Users/12289/Desktop/Coding/FPGA/Compressed_DCS_TROPICS/Compressed_DCS_TROPICS.srcs/sim_1/new/testbench.v:409]
WARNING: [VRFC 10-3380] identifier 'ACF_result_13' is used before its declaration [C:/Users/12289/Desktop/Coding/FPGA/Compressed_DCS_TROPICS/Compressed_DCS_TROPICS.srcs/sim_1/new/testbench.v:410]
WARNING: [VRFC 10-3380] identifier 'ACF_result_14' is used before its declaration [C:/Users/12289/Desktop/Coding/FPGA/Compressed_DCS_TROPICS/Compressed_DCS_TROPICS.srcs/sim_1/new/testbench.v:411]
WARNING: [VRFC 10-3380] identifier 'ACF_result_15' is used before its declaration [C:/Users/12289/Desktop/Coding/FPGA/Compressed_DCS_TROPICS/Compressed_DCS_TROPICS.srcs/sim_1/new/testbench.v:412]
WARNING: [VRFC 10-3380] identifier 'ACF_result_16' is used before its declaration [C:/Users/12289/Desktop/Coding/FPGA/Compressed_DCS_TROPICS/Compressed_DCS_TROPICS.srcs/sim_1/new/testbench.v:413]
WARNING: [VRFC 10-3380] identifier 'ACF_result_17' is used before its declaration [C:/Users/12289/Desktop/Coding/FPGA/Compressed_DCS_TROPICS/Compressed_DCS_TROPICS.srcs/sim_1/new/testbench.v:414]
WARNING: [VRFC 10-3380] identifier 'ACF_result_18' is used before its declaration [C:/Users/12289/Desktop/Coding/FPGA/Compressed_DCS_TROPICS/Compressed_DCS_TROPICS.srcs/sim_1/new/testbench.v:415]
WARNING: [VRFC 10-3380] identifier 'ACF_result_19' is used before its declaration [C:/Users/12289/Desktop/Coding/FPGA/Compressed_DCS_TROPICS/Compressed_DCS_TROPICS.srcs/sim_1/new/testbench.v:416]
WARNING: [VRFC 10-3380] identifier 'ACF_result_20' is used before its declaration [C:/Users/12289/Desktop/Coding/FPGA/Compressed_DCS_TROPICS/Compressed_DCS_TROPICS.srcs/sim_1/new/testbench.v:417]
WARNING: [VRFC 10-3380] identifier 'ACF_result_21' is used before its declaration [C:/Users/12289/Desktop/Coding/FPGA/Compressed_DCS_TROPICS/Compressed_DCS_TROPICS.srcs/sim_1/new/testbench.v:418]
WARNING: [VRFC 10-3380] identifier 'ACF_result_22' is used before its declaration [C:/Users/12289/Desktop/Coding/FPGA/Compressed_DCS_TROPICS/Compressed_DCS_TROPICS.srcs/sim_1/new/testbench.v:419]
WARNING: [VRFC 10-3380] identifier 'ACF_result_23' is used before its declaration [C:/Users/12289/Desktop/Coding/FPGA/Compressed_DCS_TROPICS/Compressed_DCS_TROPICS.srcs/sim_1/new/testbench.v:420]
WARNING: [VRFC 10-3380] identifier 'ACF_result_24' is used before its declaration [C:/Users/12289/Desktop/Coding/FPGA/Compressed_DCS_TROPICS/Compressed_DCS_TROPICS.srcs/sim_1/new/testbench.v:421]
WARNING: [VRFC 10-3380] identifier 'ACF_result_25' is used before its declaration [C:/Users/12289/Desktop/Coding/FPGA/Compressed_DCS_TROPICS/Compressed_DCS_TROPICS.srcs/sim_1/new/testbench.v:422]
WARNING: [VRFC 10-3380] identifier 'ACF_result_26' is used before its declaration [C:/Users/12289/Desktop/Coding/FPGA/Compressed_DCS_TROPICS/Compressed_DCS_TROPICS.srcs/sim_1/new/testbench.v:423]
WARNING: [VRFC 10-3380] identifier 'ACF_result_27' is used before its declaration [C:/Users/12289/Desktop/Coding/FPGA/Compressed_DCS_TROPICS/Compressed_DCS_TROPICS.srcs/sim_1/new/testbench.v:424]
WARNING: [VRFC 10-3380] identifier 'ACF_result_28' is used before its declaration [C:/Users/12289/Desktop/Coding/FPGA/Compressed_DCS_TROPICS/Compressed_DCS_TROPICS.srcs/sim_1/new/testbench.v:425]
WARNING: [VRFC 10-3380] identifier 'ACF_result_29' is used before its declaration [C:/Users/12289/Desktop/Coding/FPGA/Compressed_DCS_TROPICS/Compressed_DCS_TROPICS.srcs/sim_1/new/testbench.v:426]
WARNING: [VRFC 10-3380] identifier 'ACF_result_30' is used before its declaration [C:/Users/12289/Desktop/Coding/FPGA/Compressed_DCS_TROPICS/Compressed_DCS_TROPICS.srcs/sim_1/new/testbench.v:427]
WARNING: [VRFC 10-3380] identifier 'ACF_result_31' is used before its declaration [C:/Users/12289/Desktop/Coding/FPGA/Compressed_DCS_TROPICS/Compressed_DCS_TROPICS.srcs/sim_1/new/testbench.v:428]
WARNING: [VRFC 10-3380] identifier 'ACF_result_32' is used before its declaration [C:/Users/12289/Desktop/Coding/FPGA/Compressed_DCS_TROPICS/Compressed_DCS_TROPICS.srcs/sim_1/new/testbench.v:429]
WARNING: [VRFC 10-3380] identifier 'ACF_result_33' is used before its declaration [C:/Users/12289/Desktop/Coding/FPGA/Compressed_DCS_TROPICS/Compressed_DCS_TROPICS.srcs/sim_1/new/testbench.v:430]
WARNING: [VRFC 10-3380] identifier 'ACF_result_34' is used before its declaration [C:/Users/12289/Desktop/Coding/FPGA/Compressed_DCS_TROPICS/Compressed_DCS_TROPICS.srcs/sim_1/new/testbench.v:431]
WARNING: [VRFC 10-3380] identifier 'ACF_result_35' is used before its declaration [C:/Users/12289/Desktop/Coding/FPGA/Compressed_DCS_TROPICS/Compressed_DCS_TROPICS.srcs/sim_1/new/testbench.v:432]
WARNING: [VRFC 10-3380] identifier 'ACF_result_36' is used before its declaration [C:/Users/12289/Desktop/Coding/FPGA/Compressed_DCS_TROPICS/Compressed_DCS_TROPICS.srcs/sim_1/new/testbench.v:433]
WARNING: [VRFC 10-3380] identifier 'ACF_result_37' is used before its declaration [C:/Users/12289/Desktop/Coding/FPGA/Compressed_DCS_TROPICS/Compressed_DCS_TROPICS.srcs/sim_1/new/testbench.v:434]
WARNING: [VRFC 10-3380] identifier 'ACF_result_38' is used before its declaration [C:/Users/12289/Desktop/Coding/FPGA/Compressed_DCS_TROPICS/Compressed_DCS_TROPICS.srcs/sim_1/new/testbench.v:435]
WARNING: [VRFC 10-3380] identifier 'ACF_result_39' is used before its declaration [C:/Users/12289/Desktop/Coding/FPGA/Compressed_DCS_TROPICS/Compressed_DCS_TROPICS.srcs/sim_1/new/testbench.v:436]
WARNING: [VRFC 10-3380] identifier 'ACF_result_40' is used before its declaration [C:/Users/12289/Desktop/Coding/FPGA/Compressed_DCS_TROPICS/Compressed_DCS_TROPICS.srcs/sim_1/new/testbench.v:437]
